21-Jun-2025 23:46:44.223 INFO [main] org.apache.catalina.core.ApplicationContext.log ContextListener: contextInitialized()
21-Jun-2025 23:46:44.223 INFO [main] org.apache.catalina.core.ApplicationContext.log SessionListener: contextInitialized()
21-Jun-2025 23:46:44.223 INFO [main] org.apache.catalina.core.ApplicationContext.log ContextListener: attributeAdded('StockTicker', 'async.Stockticker@2488b073')
21-Jun-2025 23:47:16.316 INFO [main] org.apache.catalina.core.ApplicationContext.log SessionListener: contextDestroyed()
21-Jun-2025 23:47:16.316 INFO [main] org.apache.catalina.core.ApplicationContext.log ContextListener: contextDestroyed()
21-Jun-2025 23:47:37.616 INFO [main] org.apache.catalina.core.ApplicationContext.log ContextListener: contextInitialized()
21-Jun-2025 23:47:37.616 INFO [main] org.apache.catalina.core.ApplicationContext.log SessionListener: contextInitialized()
21-Jun-2025 23:47:37.617 INFO [main] org.apache.catalina.core.ApplicationContext.log ContextListener: attributeAdded('StockTicker', 'async.Stockticker@659eef7')
21-Jun-2025 23:48:10.868 INFO [main] org.apache.catalina.core.ApplicationContext.log ContextListener: contextInitialized()
21-Jun-2025 23:48:10.868 INFO [main] org.apache.catalina.core.ApplicationContext.log SessionListener: contextInitialized()
21-Jun-2025 23:48:10.868 INFO [main] org.apache.catalina.core.ApplicationContext.log ContextListener: attributeAdded('StockTicker', 'async.Stockticker@3faf2e7d')
21-Jun-2025 23:48:10.892 INFO [main] org.apache.catalina.core.ApplicationContext.log SessionListener: contextDestroyed()
21-Jun-2025 23:48:10.892 INFO [main] org.apache.catalina.core.ApplicationContext.log ContextListener: contextDestroyed()
21-Jun-2025 23:49:00.807 INFO [main] org.apache.catalina.core.ApplicationContext.log ContextListener: contextInitialized()
21-Jun-2025 23:49:00.807 INFO [main] org.apache.catalina.core.ApplicationContext.log SessionListener: contextInitialized()
21-Jun-2025 23:49:00.808 INFO [main] org.apache.catalina.core.ApplicationContext.log ContextListener: attributeAdded('StockTicker', 'async.Stockticker@3c0fae6c')
21-Jun-2025 23:49:00.833 INFO [main] org.apache.catalina.core.ApplicationContext.log SessionListener: contextDestroyed()
21-Jun-2025 23:49:00.833 INFO [main] org.apache.catalina.core.ApplicationContext.log ContextListener: contextDestroyed()
21-Jun-2025 23:51:45.897 INFO [main] org.apache.catalina.core.ApplicationContext.log ContextListener: contextInitialized()
21-Jun-2025 23:51:45.897 INFO [main] org.apache.catalina.core.ApplicationContext.log SessionListener: contextInitialized()
21-Jun-2025 23:51:45.898 INFO [main] org.apache.catalina.core.ApplicationContext.log ContextListener: attributeAdded('StockTicker', 'async.Stockticker@751d3241')
21-Jun-2025 23:51:45.915 INFO [main] org.apache.catalina.core.ApplicationContext.log SessionListener: contextDestroyed()
21-Jun-2025 23:51:45.915 INFO [main] org.apache.catalina.core.ApplicationContext.log ContextListener: contextDestroyed()
21-Jun-2025 23:52:10.196 INFO [main] org.apache.catalina.core.ApplicationContext.log ContextListener: contextInitialized()
21-Jun-2025 23:52:10.196 INFO [main] org.apache.catalina.core.ApplicationContext.log SessionListener: contextInitialized()
21-Jun-2025 23:52:10.196 INFO [main] org.apache.catalina.core.ApplicationContext.log ContextListener: attributeAdded('StockTicker', 'async.Stockticker@61526469')
21-Jun-2025 23:52:10.215 INFO [main] org.apache.catalina.core.ApplicationContext.log SessionListener: contextDestroyed()
21-Jun-2025 23:52:10.215 INFO [main] org.apache.catalina.core.ApplicationContext.log ContextListener: contextDestroyed()
21-Jun-2025 23:52:33.704 INFO [http-nio-8080-exec-10] org.apache.catalina.core.ApplicationContext.log Marking servlet [HelloServlet] as unavailable
21-Jun-2025 23:52:33.704 SEVERE [http-nio-8080-exec-10] org.apache.catalina.core.StandardWrapperValve.invoke Allocate exception for servlet [HelloServlet]
	java.lang.ClassNotFoundException: com.example.HelloServlet
		at org.apache.catalina.loader.WebappClassLoaderBase.loadClass(WebappClassLoaderBase.java:1380)
		at org.apache.catalina.loader.WebappClassLoaderBase.loadClass(WebappClassLoaderBase.java:1189)
		at org.apache.catalina.core.DefaultInstanceManager.loadClass(DefaultInstanceManager.java:487)
		at org.apache.catalina.core.DefaultInstanceManager.loadClassMaybePrivileged(DefaultInstanceManager.java:469)
		at org.apache.catalina.core.DefaultInstanceManager.newInstance(DefaultInstanceManager.java:143)
		at org.apache.catalina.core.StandardWrapper.loadServlet(StandardWrapper.java:764)
		at org.apache.catalina.core.StandardWrapper.allocate(StandardWrapper.java:581)
		at org.apache.catalina.core.StandardWrapperValve.invoke(StandardWrapperValve.java:115)
		at org.apache.catalina.core.StandardContextValve.invoke(StandardContextValve.java:90)
		at org.apache.catalina.authenticator.AuthenticatorBase.invoke(AuthenticatorBase.java:483)
		at org.apache.catalina.core.StandardHostValve.invoke(StandardHostValve.java:116)
		at org.apache.catalina.valves.ErrorReportValve.invoke(ErrorReportValve.java:93)
		at org.apache.catalina.valves.AbstractAccessLogValve.invoke(AbstractAccessLogValve.java:666)
		at org.apache.catalina.core.StandardEngineValve.invoke(StandardEngineValve.java:74)
		at org.apache.catalina.connector.CoyoteAdapter.service(CoyoteAdapter.java:344)
		at org.apache.coyote.http11.Http11Processor.service(Http11Processor.java:398)
		at org.apache.coyote.AbstractProcessorLight.process(AbstractProcessorLight.java:63)
		at org.apache.coyote.AbstractProtocol$ConnectionHandler.process(AbstractProtocol.java:903)
		at org.apache.tomcat.util.net.NioEndpoint$SocketProcessor.doRun(NioEndpoint.java:1769)
		at org.apache.tomcat.util.net.SocketProcessorBase.run(SocketProcessorBase.java:52)
		at org.apache.tomcat.util.threads.ThreadPoolExecutor.runWorker(ThreadPoolExecutor.java:1189)
		at org.apache.tomcat.util.threads.ThreadPoolExecutor$Worker.run(ThreadPoolExecutor.java:658)
		at org.apache.tomcat.util.threads.TaskThread$WrappingRunnable.run(TaskThread.java:63)
		at java.base/java.lang.Thread.run(Thread.java:840)
21-Jun-2025 23:55:13.476 INFO [main] org.apache.catalina.core.ApplicationContext.log ContextListener: contextInitialized()
21-Jun-2025 23:55:13.476 INFO [main] org.apache.catalina.core.ApplicationContext.log SessionListener: contextInitialized()
21-Jun-2025 23:55:13.476 INFO [main] org.apache.catalina.core.ApplicationContext.log ContextListener: attributeAdded('StockTicker', 'async.Stockticker@3faf2e7d')
21-Jun-2025 23:55:13.494 INFO [main] org.apache.catalina.core.ApplicationContext.log SessionListener: contextDestroyed()
21-Jun-2025 23:55:13.494 INFO [main] org.apache.catalina.core.ApplicationContext.log ContextListener: contextDestroyed()
21-Jun-2025 23:55:19.433 INFO [http-nio-8080-exec-17] org.apache.catalina.core.ApplicationContext.log Marking servlet [HelloServlet] as unavailable
21-Jun-2025 23:55:19.433 SEVERE [http-nio-8080-exec-17] org.apache.catalina.core.StandardWrapperValve.invoke Allocate exception for servlet [HelloServlet]
	java.lang.ClassNotFoundException: com.example.HelloServlet
		at org.apache.catalina.loader.WebappClassLoaderBase.loadClass(WebappClassLoaderBase.java:1380)
		at org.apache.catalina.loader.WebappClassLoaderBase.loadClass(WebappClassLoaderBase.java:1189)
		at org.apache.catalina.core.DefaultInstanceManager.loadClass(DefaultInstanceManager.java:487)
		at org.apache.catalina.core.DefaultInstanceManager.loadClassMaybePrivileged(DefaultInstanceManager.java:469)
		at org.apache.catalina.core.DefaultInstanceManager.newInstance(DefaultInstanceManager.java:143)
		at org.apache.catalina.core.StandardWrapper.loadServlet(StandardWrapper.java:764)
		at org.apache.catalina.core.StandardWrapper.allocate(StandardWrapper.java:581)
		at org.apache.catalina.core.StandardWrapperValve.invoke(StandardWrapperValve.java:115)
		at org.apache.catalina.core.StandardContextValve.invoke(StandardContextValve.java:90)
		at org.apache.catalina.authenticator.AuthenticatorBase.invoke(AuthenticatorBase.java:483)
		at org.apache.catalina.core.StandardHostValve.invoke(StandardHostValve.java:116)
		at org.apache.catalina.valves.ErrorReportValve.invoke(ErrorReportValve.java:93)
		at org.apache.catalina.valves.AbstractAccessLogValve.invoke(AbstractAccessLogValve.java:666)
		at org.apache.catalina.core.StandardEngineValve.invoke(StandardEngineValve.java:74)
		at org.apache.catalina.connector.CoyoteAdapter.service(CoyoteAdapter.java:344)
		at org.apache.coyote.http11.Http11Processor.service(Http11Processor.java:398)
		at org.apache.coyote.AbstractProcessorLight.process(AbstractProcessorLight.java:63)
		at org.apache.coyote.AbstractProtocol$ConnectionHandler.process(AbstractProtocol.java:903)
		at org.apache.tomcat.util.net.NioEndpoint$SocketProcessor.doRun(NioEndpoint.java:1769)
		at org.apache.tomcat.util.net.SocketProcessorBase.run(SocketProcessorBase.java:52)
		at org.apache.tomcat.util.threads.ThreadPoolExecutor.runWorker(ThreadPoolExecutor.java:1189)
		at org.apache.tomcat.util.threads.ThreadPoolExecutor$Worker.run(ThreadPoolExecutor.java:658)
		at org.apache.tomcat.util.threads.TaskThread$WrappingRunnable.run(TaskThread.java:63)
		at java.base/java.lang.Thread.run(Thread.java:840)
21-Jun-2025 23:55:43.630 INFO [main] org.apache.catalina.core.ApplicationContext.log ContextListener: contextInitialized()
21-Jun-2025 23:55:43.630 INFO [main] org.apache.catalina.core.ApplicationContext.log SessionListener: contextInitialized()
21-Jun-2025 23:55:43.631 INFO [main] org.apache.catalina.core.ApplicationContext.log ContextListener: attributeAdded('StockTicker', 'async.Stockticker@3faf2e7d')
21-Jun-2025 23:55:43.648 INFO [main] org.apache.catalina.core.ApplicationContext.log SessionListener: contextDestroyed()
21-Jun-2025 23:55:43.648 INFO [main] org.apache.catalina.core.ApplicationContext.log ContextListener: contextDestroyed()
21-Jun-2025 23:57:07.288 INFO [main] org.apache.catalina.core.ApplicationContext.log ContextListener: contextInitialized()
21-Jun-2025 23:57:07.288 INFO [main] org.apache.catalina.core.ApplicationContext.log SessionListener: contextInitialized()
21-Jun-2025 23:57:07.289 INFO [main] org.apache.catalina.core.ApplicationContext.log ContextListener: attributeAdded('StockTicker', 'async.Stockticker@4eed46ee')
21-Jun-2025 23:57:07.307 INFO [main] org.apache.catalina.core.ApplicationContext.log SessionListener: contextDestroyed()
21-Jun-2025 23:57:07.307 INFO [main] org.apache.catalina.core.ApplicationContext.log ContextListener: contextDestroyed()
